<?xml version="1.0" encoding="UTF-8"?>
<testsuite xmlns:xsi="http://www.w3.org/2001/XMLSchema-instance" xsi:noNamespaceSchemaLocation="https://maven.apache.org/surefire/maven-surefire-plugin/xsd/surefire-test-report.xsd" version="3.0.2" name="com.AppEstetica.service.Turnos.AppointmentServiceTest$CompleteAppointment" time="0.01" tests="2" errors="0" skipped="0" failures="0">
  <properties>
[...]
</properties>
  <testcase name="turnoPendiente_alCompletarActualizaStats" classname="com.AppEstetica.service.Turnos.AppointmentServiceTest$CompleteAppointment" time="0.006"/>
  <testcase name="yaCompletado_noActualizaStatsDeNuevo" classname="com.AppEstetica.service.Turnos.AppointmentServiceTest$CompleteAppointment" time="0.003"/>
</testsuite>